[0m20:26:46.885080 [debug] [MainThread]: Sending event: {'category': 'dbt', 'action': 'invocation', 'label': 'start', 'context': [<snowplow_tracker.self_describing_json.SelfDescribingJson object at 0x0000013FCFA2D2B0>, <snowplow_tracker.self_describing_json.SelfDescribingJson object at 0x0000013FCEDE4E00>, <snowplow_tracker.self_describing_json.SelfDescribingJson object at 0x0000013FCF370680>]}


============================== 20:26:46.892758 | 3ad6bd57-5cc0-42c4-becc-f2be4a376e4d ==============================
[0m20:26:46.892758 [info ] [MainThread]: Running with dbt=1.7.17
[0m20:26:46.894755 [debug] [MainThread]: running dbt with arguments {'printer_width': '80', 'indirect_selection': 'eager', 'log_cache_events': 'False', 'write_json': 'True', 'partial_parse': 'True', 'cache_selected_only': 'False', 'warn_error': 'None', 'fail_fast': 'False', 'debug': 'False', 'log_path': 'logs', 'version_check': 'True', 'profiles_dir': 'C:\\Users\\Vijay Krishna\\.dbt', 'use_colors': 'True', 'use_experimental_parser': 'False', 'no_print': 'None', 'quiet': 'False', 'warn_error_options': 'WarnErrorOptions(include=[], exclude=[])', 'introspect': 'True', 'invocation_command': 'dbt init demadbt', 'static_parser': 'True', 'target_path': 'None', 'log_format': 'default', 'send_anonymous_usage_stats': 'True'}
[0m20:26:46.904117 [debug] [MainThread]: Starter project path: C:\Users\Vijay Krishna\Desktop\dema\venv2\Lib\site-packages\dbt\include\starter_project
[0m20:26:46.942884 [info ] [MainThread]: 
Your new dbt project "demadbt" was created!

For more information on how to configure the profiles.yml file,
please consult the dbt documentation here:

  https://docs.getdbt.com/docs/configure-your-profile

One more thing:

Need help? Don't hesitate to reach out to us via GitHub issues or on Slack:

  https://community.getdbt.com/

Happy modeling!

[0m20:26:46.944395 [info ] [MainThread]: Setting up your profile.
[0m20:35:55.933002 [info ] [MainThread]: Profile demadbt written to C:\Users\Vijay Krishna\.dbt\profiles.yml using target's profile_template.yml and your supplied values. Run 'dbt debug' to validate the connection.
[0m20:35:55.934550 [debug] [MainThread]: Command `dbt init` succeeded at 20:35:55.934550 after 549.34 seconds
[0m20:35:55.935558 [debug] [MainThread]: Sending event: {'category': 'dbt', 'action': 'invocation', 'label': 'end', 'context': [<snowplow_tracker.self_describing_json.SelfDescribingJson object at 0x0000013FCEDE4E00>, <snowplow_tracker.self_describing_json.SelfDescribingJson object at 0x0000013FCFA2C7A0>, <snowplow_tracker.self_describing_json.SelfDescribingJson object at 0x0000013FCFA2C530>]}
[0m20:35:55.936556 [debug] [MainThread]: Flushing usage events
[0m20:37:39.485571 [debug] [MainThread]: Sending event: {'category': 'dbt', 'action': 'invocation', 'label': 'start', 'context': [<snowplow_tracker.self_describing_json.SelfDescribingJson object at 0x0000025618F5EB70>, <snowplow_tracker.self_describing_json.SelfDescribingJson object at 0x0000025618F5DF40>, <snowplow_tracker.self_describing_json.SelfDescribingJson object at 0x0000025618F5CF50>]}


============================== 20:37:39.485571 | a294919a-3c9b-4fa5-9d56-1e73f4a85ba7 ==============================
[0m20:37:39.485571 [info ] [MainThread]: Running with dbt=1.7.17
[0m20:37:39.485571 [debug] [MainThread]: running dbt with arguments {'printer_width': '80', 'indirect_selection': 'eager', 'write_json': 'True', 'log_cache_events': 'False', 'partial_parse': 'True', 'cache_selected_only': 'False', 'profiles_dir': 'C:\\Users\\Vijay Krishna\\.dbt', 'version_check': 'True', 'debug': 'False', 'log_path': 'logs', 'warn_error': 'None', 'fail_fast': 'False', 'use_colors': 'True', 'use_experimental_parser': 'False', 'no_print': 'None', 'quiet': 'False', 'warn_error_options': 'WarnErrorOptions(include=[], exclude=[])', 'static_parser': 'True', 'introspect': 'True', 'log_format': 'default', 'target_path': 'None', 'invocation_command': 'dbt init', 'send_anonymous_usage_stats': 'True'}
[0m20:37:57.152025 [debug] [MainThread]: Starter project path: C:\Users\Vijay Krishna\Desktop\dema\venv2\Lib\site-packages\dbt\include\starter_project
[0m20:37:57.189503 [info ] [MainThread]: 
Your new dbt project "cls" was created!

For more information on how to configure the profiles.yml file,
please consult the dbt documentation here:

  https://docs.getdbt.com/docs/configure-your-profile

One more thing:

Need help? Don't hesitate to reach out to us via GitHub issues or on Slack:

  https://community.getdbt.com/

Happy modeling!

[0m20:37:57.189503 [info ] [MainThread]: Setting up your profile.
[0m20:38:21.348495 [error] [MainThread]: Encountered an error:

[0m20:38:21.355540 [error] [MainThread]: Traceback (most recent call last):
  File "C:\Users\Vijay Krishna\Desktop\dema\venv2\Lib\site-packages\dbt\cli\requires.py", line 91, in wrapper
    result, success = func(*args, **kwargs)
                      ^^^^^^^^^^^^^^^^^^^^^
  File "C:\Users\Vijay Krishna\Desktop\dema\venv2\Lib\site-packages\dbt\cli\requires.py", line 76, in wrapper
    return func(*args, **kwargs)
           ^^^^^^^^^^^^^^^^^^^^^
  File "C:\Users\Vijay Krishna\Desktop\dema\venv2\Lib\site-packages\dbt\cli\main.py", line 516, in init
    results = task.run()
              ^^^^^^^^^^
  File "C:\Users\Vijay Krishna\Desktop\dema\venv2\Lib\site-packages\dbt\task\init.py", line 344, in run
    self.setup_profile(profile_name)
  File "C:\Users\Vijay Krishna\Desktop\dema\venv2\Lib\site-packages\dbt\task\init.py", line 264, in setup_profile
    self.create_profile_from_target(adapter, profile_name=profile_name)
  File "C:\Users\Vijay Krishna\Desktop\dema\venv2\Lib\site-packages\dbt\task\init.py", line 181, in create_profile_from_target
    self.create_profile_from_profile_template(profile_template, profile_name)
  File "C:\Users\Vijay Krishna\Desktop\dema\venv2\Lib\site-packages\dbt\task\init.py", line 165, in create_profile_from_profile_template
    target = self.generate_target_from_input(prompts, initial_target)
             ^^^^^^^^^^^^^^^^^^^^^^^^^^^^^^^^^^^^^^^^^^^^^^^^^^^^^^^^
  File "C:\Users\Vijay Krishna\Desktop\dema\venv2\Lib\site-packages\dbt\task\init.py", line 131, in generate_target_from_input
    target[key] = click.prompt(
                  ^^^^^^^^^^^^^
  File "C:\Users\Vijay Krishna\Desktop\dema\venv2\Lib\site-packages\click\termui.py", line 164, in prompt
    value = prompt_func(prompt)
            ^^^^^^^^^^^^^^^^^^^
  File "C:\Users\Vijay Krishna\Desktop\dema\venv2\Lib\site-packages\click\termui.py", line 147, in prompt_func
    raise Abort() from None
click.exceptions.Abort

[0m20:38:21.360617 [debug] [MainThread]: Command `dbt init` failed at 20:38:21.360617 after 42.00 seconds
[0m20:38:21.361617 [debug] [MainThread]: Sending event: {'category': 'dbt', 'action': 'invocation', 'label': 'end', 'context': [<snowplow_tracker.self_describing_json.SelfDescribingJson object at 0x0000025618BFF800>, <snowplow_tracker.self_describing_json.SelfDescribingJson object at 0x00000256191B27E0>, <snowplow_tracker.self_describing_json.SelfDescribingJson object at 0x0000025619ACB3E0>]}
[0m20:38:21.363570 [debug] [MainThread]: Flushing usage events
[0m20:38:50.089133 [debug] [MainThread]: Sending event: {'category': 'dbt', 'action': 'invocation', 'label': 'start', 'context': [<snowplow_tracker.self_describing_json.SelfDescribingJson object at 0x0000025804115E20>, <snowplow_tracker.self_describing_json.SelfDescribingJson object at 0x0000025804046CF0>, <snowplow_tracker.self_describing_json.SelfDescribingJson object at 0x0000025804115C40>]}


============================== 20:38:50.089133 | dffbc1e5-ea2b-4a3e-8fa5-b45a1bc9ce73 ==============================
[0m20:38:50.089133 [info ] [MainThread]: Running with dbt=1.7.17
[0m20:38:50.089133 [debug] [MainThread]: running dbt with arguments {'printer_width': '80', 'indirect_selection': 'eager', 'write_json': 'True', 'log_cache_events': 'False', 'partial_parse': 'True', 'cache_selected_only': 'False', 'profiles_dir': 'C:\\Users\\Vijay Krishna\\.dbt', 'debug': 'False', 'fail_fast': 'False', 'log_path': 'logs', 'version_check': 'True', 'warn_error': 'None', 'use_colors': 'True', 'use_experimental_parser': 'False', 'no_print': 'None', 'quiet': 'False', 'log_format': 'default', 'introspect': 'True', 'warn_error_options': 'WarnErrorOptions(include=[], exclude=[])', 'invocation_command': 'dbt init', 'target_path': 'None', 'static_parser': 'True', 'send_anonymous_usage_stats': 'True'}
[0m20:38:57.418765 [info ] [MainThread]: A project called demadbt already exists here.
[0m20:38:57.418765 [debug] [MainThread]: Command `dbt init` succeeded at 20:38:57.418765 after 7.49 seconds
[0m20:38:57.418765 [debug] [MainThread]: Sending event: {'category': 'dbt', 'action': 'invocation', 'label': 'end', 'context': [<snowplow_tracker.self_describing_json.SelfDescribingJson object at 0x0000025804046CF0>, <snowplow_tracker.self_describing_json.SelfDescribingJson object at 0x0000025803C887A0>, <snowplow_tracker.self_describing_json.SelfDescribingJson object at 0x0000025804115B80>]}
[0m20:38:57.434424 [debug] [MainThread]: Flushing usage events
[0m20:39:35.036885 [debug] [MainThread]: Sending event: {'category': 'dbt', 'action': 'invocation', 'label': 'start', 'context': [<snowplow_tracker.self_describing_json.SelfDescribingJson object at 0x000001F0D799DB80>, <snowplow_tracker.self_describing_json.SelfDescribingJson object at 0x000001F0D799E270>, <snowplow_tracker.self_describing_json.SelfDescribingJson object at 0x000001F0D799C920>]}


============================== 20:39:35.047418 | 8e191f36-cf93-4a6c-aeaa-582bc4e863f8 ==============================
[0m20:39:35.047418 [info ] [MainThread]: Running with dbt=1.7.17
[0m20:39:35.050428 [debug] [MainThread]: running dbt with arguments {'printer_width': '80', 'indirect_selection': 'eager', 'log_cache_events': 'False', 'write_json': 'True', 'partial_parse': 'True', 'cache_selected_only': 'False', 'warn_error': 'None', 'fail_fast': 'False', 'profiles_dir': 'C:\\Users\\Vijay Krishna\\.dbt', 'log_path': 'logs', 'version_check': 'True', 'debug': 'False', 'use_colors': 'True', 'use_experimental_parser': 'False', 'no_print': 'None', 'quiet': 'False', 'log_format': 'default', 'introspect': 'True', 'invocation_command': 'dbt init demadbt', 'static_parser': 'True', 'target_path': 'None', 'warn_error_options': 'WarnErrorOptions(include=[], exclude=[])', 'send_anonymous_usage_stats': 'True'}
[0m20:39:35.053939 [debug] [MainThread]: Starter project path: C:\Users\Vijay Krishna\Desktop\dema\venv2\Lib\site-packages\dbt\include\starter_project
[0m20:39:35.082235 [info ] [MainThread]: 
Your new dbt project "demadbt" was created!

For more information on how to configure the profiles.yml file,
please consult the dbt documentation here:

  https://docs.getdbt.com/docs/configure-your-profile

One more thing:

Need help? Don't hesitate to reach out to us via GitHub issues or on Slack:

  https://community.getdbt.com/

Happy modeling!

[0m20:39:35.084234 [info ] [MainThread]: Setting up your profile.
[0m20:41:06.400869 [info ] [MainThread]: Profile demadbt written to C:\Users\Vijay Krishna\.dbt\profiles.yml using target's profile_template.yml and your supplied values. Run 'dbt debug' to validate the connection.
[0m20:41:06.402864 [debug] [MainThread]: Command `dbt init` succeeded at 20:41:06.402864 after 91.52 seconds
[0m20:41:06.406401 [debug] [MainThread]: Sending event: {'category': 'dbt', 'action': 'invocation', 'label': 'end', 'context': [<snowplow_tracker.self_describing_json.SelfDescribingJson object at 0x000001F0D7856900>, <snowplow_tracker.self_describing_json.SelfDescribingJson object at 0x000001F0D7856780>, <snowplow_tracker.self_describing_json.SelfDescribingJson object at 0x000001F0D7881400>]}
[0m20:41:06.407404 [debug] [MainThread]: Flushing usage events
[0m20:42:22.885918 [debug] [MainThread]: Sending event: {'category': 'dbt', 'action': 'invocation', 'label': 'start', 'context': [<snowplow_tracker.self_describing_json.SelfDescribingJson object at 0x000001CC4C8FBD40>, <snowplow_tracker.self_describing_json.SelfDescribingJson object at 0x000001CC4EF6AA20>, <snowplow_tracker.self_describing_json.SelfDescribingJson object at 0x000001CC4F0FEAB0>]}


============================== 20:42:22.890888 | d19b0790-2675-493c-a705-aa79c15a3604 ==============================
[0m20:42:22.890888 [info ] [MainThread]: Running with dbt=1.7.17
[0m20:42:22.892883 [debug] [MainThread]: running dbt with arguments {'printer_width': '80', 'indirect_selection': 'eager', 'log_cache_events': 'False', 'write_json': 'True', 'partial_parse': 'True', 'cache_selected_only': 'False', 'warn_error': 'None', 'fail_fast': 'False', 'version_check': 'True', 'log_path': 'logs', 'profiles_dir': 'C:\\Users\\Vijay Krishna\\.dbt', 'debug': 'False', 'use_colors': 'True', 'use_experimental_parser': 'False', 'no_print': 'None', 'quiet': 'False', 'warn_error_options': 'WarnErrorOptions(include=[], exclude=[])', 'static_parser': 'True', 'invocation_command': 'dbt debug', 'introspect': 'True', 'target_path': 'None', 'log_format': 'default', 'send_anonymous_usage_stats': 'True'}
[0m20:42:22.892883 [info ] [MainThread]: dbt version: 1.7.17
[0m20:42:22.895400 [info ] [MainThread]: python version: 3.12.3
[0m20:42:22.897398 [info ] [MainThread]: python path: C:\Users\Vijay Krishna\Desktop\dema\venv2\Scripts\python.exe
[0m20:42:22.899688 [info ] [MainThread]: os info: Windows-11-10.0.22635-SP0
[0m20:42:23.401250 [info ] [MainThread]: Using profiles dir at C:\Users\Vijay Krishna\.dbt
[0m20:42:23.402251 [info ] [MainThread]: Using profiles.yml file at C:\Users\Vijay Krishna\.dbt\profiles.yml
[0m20:42:23.402251 [info ] [MainThread]: Using dbt_project.yml file at C:\Users\Vijay Krishna\Desktop\dema\dbt_project.yml
[0m20:42:23.405451 [error] [MainThread]: Encountered an error:
Internal Error
  Profile should not be None if loading profile completed
[0m20:42:23.409456 [debug] [MainThread]: Command `dbt debug` failed at 20:42:23.408454 after 0.68 seconds
[0m20:42:23.409456 [debug] [MainThread]: Sending event: {'category': 'dbt', 'action': 'invocation', 'label': 'end', 'context': [<snowplow_tracker.self_describing_json.SelfDescribingJson object at 0x000001CC4F0D5FD0>, <snowplow_tracker.self_describing_json.SelfDescribingJson object at 0x000001CC4ECCCEF0>, <snowplow_tracker.self_describing_json.SelfDescribingJson object at 0x000001CC4FCC93A0>]}
[0m20:42:23.410455 [debug] [MainThread]: Flushing usage events
[0m20:42:37.469939 [debug] [MainThread]: Sending event: {'category': 'dbt', 'action': 'invocation', 'label': 'start', 'context': [<snowplow_tracker.self_describing_json.SelfDescribingJson object at 0x0000019858BADD60>, <snowplow_tracker.self_describing_json.SelfDescribingJson object at 0x0000019858BAEA50>, <snowplow_tracker.self_describing_json.SelfDescribingJson object at 0x0000019858BADC40>]}


============================== 20:42:37.475472 | 6483df33-4fcf-4958-9aec-37b1d074284a ==============================
[0m20:42:37.475472 [info ] [MainThread]: Running with dbt=1.7.17
[0m20:42:37.476205 [debug] [MainThread]: running dbt with arguments {'printer_width': '80', 'indirect_selection': 'eager', 'write_json': 'True', 'log_cache_events': 'False', 'partial_parse': 'True', 'cache_selected_only': 'False', 'profiles_dir': 'C:\\Users\\Vijay Krishna\\.dbt', 'version_check': 'True', 'warn_error': 'None', 'log_path': 'logs', 'debug': 'False', 'fail_fast': 'False', 'use_colors': 'True', 'use_experimental_parser': 'False', 'no_print': 'None', 'quiet': 'False', 'warn_error_options': 'WarnErrorOptions(include=[], exclude=[])', 'invocation_command': 'dbt debug', 'introspect': 'True', 'static_parser': 'True', 'target_path': 'None', 'log_format': 'default', 'send_anonymous_usage_stats': 'True'}
[0m20:42:37.478697 [info ] [MainThread]: dbt version: 1.7.17
[0m20:42:37.479759 [info ] [MainThread]: python version: 3.12.3
[0m20:42:37.480712 [info ] [MainThread]: python path: C:\Users\Vijay Krishna\Desktop\dema\venv2\Scripts\python.exe
[0m20:42:37.481581 [info ] [MainThread]: os info: Windows-11-10.0.22635-SP0
[0m20:42:37.971941 [info ] [MainThread]: Using profiles dir at C:\Users\Vijay Krishna\.dbt
[0m20:42:37.972942 [info ] [MainThread]: Using profiles.yml file at C:\Users\Vijay Krishna\.dbt\profiles.yml
[0m20:42:37.974453 [info ] [MainThread]: Using dbt_project.yml file at C:\Users\Vijay Krishna\Desktop\dema\dbt_project.yml
[0m20:42:37.975463 [error] [MainThread]: Encountered an error:
Internal Error
  Profile should not be None if loading profile completed
[0m20:42:37.980731 [debug] [MainThread]: Command `dbt debug` failed at 20:42:37.979687 after 0.65 seconds
[0m20:42:37.980731 [debug] [MainThread]: Sending event: {'category': 'dbt', 'action': 'invocation', 'label': 'end', 'context': [<snowplow_tracker.self_describing_json.SelfDescribingJson object at 0x00000198598818E0>, <snowplow_tracker.self_describing_json.SelfDescribingJson object at 0x00000198598803B0>, <snowplow_tracker.self_describing_json.SelfDescribingJson object at 0x00000198596A2960>]}
[0m20:42:37.981729 [debug] [MainThread]: Flushing usage events
[0m23:36:12.981827 [debug] [MainThread]: Sending event: {'category': 'dbt', 'action': 'invocation', 'label': 'start', 'context': [<snowplow_tracker.self_describing_json.SelfDescribingJson object at 0x00000257551F9280>, <snowplow_tracker.self_describing_json.SelfDescribingJson object at 0x00000257551FAC30>, <snowplow_tracker.self_describing_json.SelfDescribingJson object at 0x00000257551F8E60>]}


============================== 23:36:12.997610 | 9dfc178f-3ea1-4eea-aff8-a6adc9ed7db9 ==============================
[0m23:36:12.997610 [info ] [MainThread]: Running with dbt=1.7.17
[0m23:36:12.997610 [debug] [MainThread]: running dbt with arguments {'printer_width': '80', 'indirect_selection': 'eager', 'log_cache_events': 'False', 'write_json': 'True', 'partial_parse': 'True', 'cache_selected_only': 'False', 'profiles_dir': 'C:\\Users\\Vijay Krishna\\.dbt', 'fail_fast': 'False', 'warn_error': 'None', 'log_path': 'logs', 'version_check': 'True', 'debug': 'False', 'use_colors': 'True', 'use_experimental_parser': 'False', 'no_print': 'None', 'quiet': 'False', 'warn_error_options': 'WarnErrorOptions(include=[], exclude=[])', 'invocation_command': 'dbt compile', 'log_format': 'default', 'introspect': 'True', 'target_path': 'None', 'static_parser': 'True', 'send_anonymous_usage_stats': 'True'}
[0m23:36:12.997610 [error] [MainThread]: Encountered an error:
Runtime Error
  No dbt_project.yml found at expected path C:\Users\Vijay Krishna\Desktop\dema\dbt_project.yml
  Verify that each entry within packages.yml (and their transitive dependencies) contains a file named dbt_project.yml
  
[0m23:36:12.997610 [debug] [MainThread]: Command `dbt compile` failed at 23:36:12.997610 after 0.18 seconds
[0m23:36:12.997610 [debug] [MainThread]: Sending event: {'category': 'dbt', 'action': 'invocation', 'label': 'end', 'context': [<snowplow_tracker.self_describing_json.SelfDescribingJson object at 0x00000257550D9F70>, <snowplow_tracker.self_describing_json.SelfDescribingJson object at 0x0000025754D8F020>, <snowplow_tracker.self_describing_json.SelfDescribingJson object at 0x0000025755089C10>]}
[0m23:36:12.997610 [debug] [MainThread]: Flushing usage events
